2021-07-06 19:19:25,975 [      0]   INFO -        #com.intellij.idea.Main - ------------------------------------------------------ IDE STARTED ------------------------------------------------------ 
2021-07-06 19:19:26,053 [     78]   INFO -        #com.intellij.idea.Main - IDE: IntelliJ IDEA (build #IC-202.8194.7, 24 Nov 2020 14:43) 
2021-07-06 19:19:26,060 [     85]   INFO -        #com.intellij.idea.Main - OS: Windows 10 (10.0, amd64) 
2021-07-06 19:19:26,060 [     85]   INFO -        #com.intellij.idea.Main - JRE: 11.0.9+11-b944.49 (JetBrains s.r.o.) 
2021-07-06 19:19:26,060 [     85]   INFO -        #com.intellij.idea.Main - JVM: 11.0.9+11-b944.49 (OpenJDK 64-Bit Server VM) 
2021-07-06 19:19:26,060 [     85]   INFO -        #com.intellij.idea.Main - JVM Args: -Didea.auto.reload.plugins=true -Didea.classpath.index.enabled=false -Didea.config.path=D:\dev\it-hurts-idea-plugin\build\idea-sandbox\config -Didea.is.internal=true -Didea.platform.prefix=Idea -Didea.plugins.path=D:\dev\it-hurts-idea-plugin\build\idea-sandbox\plugins -Didea.required.plugins.id=org.example.it-hurts-idea-dev.ithurts.plugin -Didea.system.path=D:\dev\it-hurts-idea-plugin\build\idea-sandbox\system -Xms256m -Xmx512m -Dfile.encoding=windows-1252 -Duser.country=US -Duser.language=en -Duser.variant -ea 
2021-07-06 19:19:26,060 [     85]   INFO -        #com.intellij.idea.Main - library path: C:\Users\nverk\.gradle\caches\modules-2\files-2.1\com.jetbrains\jbre\jbr-11_0_9-windows-x64-b944.49\jbr\bin;C:\Windows\Sun\Java\bin;C:\Windows\system32;C:\Windows;C:\Program Files\Amazon Corretto\jdk11.0.11_9\bin;C:\Program Files\Common Files\Oracle\Java\javapath;C:\Windows\system32;C:\Windows;C:\Windows\System32\Wbem;C:\Windows\System32\WindowsPowerShell\v1.0\;C:\Windows\System32\OpenSSH\;C:\Program Files\Docker\Docker\resources\bin;C:\ProgramData\DockerDesktop\version-bin;C:\Program Files\Git\cmd;C:\ProgramData\chocolatey\bin;C:\ProgramData\chocolatey\lib\maven\apache-maven-3.8.1\bin;C:\Program Files\nodejs\;C:\Program Files (x86)\Yarn\bin\;C:\Users\nverk\AppData\Local\Microsoft\WindowsApps;;C:\Users\nverk\AppData\Local\Programs\Microsoft VS Code\bin;C:\Program Files\JetBrains\IntelliJ IDEA 2021.1.2\bin;;C:\Users\nverk\AppData\Roaming\npm;C:\Users\nverk\AppData\Local\Yarn\bin;. 
2021-07-06 19:19:26,060 [     85]   INFO -        #com.intellij.idea.Main - boot library path: C:\Users\nverk\.gradle\caches\modules-2\files-2.1\com.jetbrains\jbre\jbr-11_0_9-windows-x64-b944.49\jbr\bin 
2021-07-06 19:19:26,060 [     85]   INFO -        #com.intellij.idea.Main - locale=en_US JNU=Cp1252 file.encoding=windows-1252
  idea.config.path=D:\dev\it-hurts-idea-plugin\build\idea-sandbox\config
  idea.system.path=D:\dev\it-hurts-idea-plugin\build\idea-sandbox\system
  idea.plugins.path=D:\dev\it-hurts-idea-plugin\build\idea-sandbox\plugins
  idea.log.path=D:\dev\it-hurts-idea-plugin\build\idea-sandbox\system/log 
2021-07-06 19:19:26,138 [    163]   INFO -        #com.intellij.idea.Main - JNA library (64-bit) loaded in 78 ms 
2021-07-06 19:19:26,261 [    286]   INFO -        #com.intellij.idea.Main - CPU cores: 16; ForkJoinPool.commonPool: java.util.concurrent.ForkJoinPool@5cb5eaac[Running, parallelism = 15, size = 0, active = 0, running = 0, steals = 0, tasks = 0, submissions = 0]; factory: com.intellij.concurrency.IdeaForkJoinWorkerThreadFactory@4d3a6ad6 
2021-07-06 19:19:32,980 [   7005]   INFO - penapi.util.io.win32.IdeaWin32 - Native filesystem for Windows is operational 
2021-07-06 19:19:33,465 [   7490]   INFO - llij.ide.plugins.PluginManager - Plugin PluginDescriptor(name=Groovy, id=org.intellij.groovy, path=C:\Users\nverk\.gradle\caches\modules-2\files-2.1\com.jetbrains.intellij.idea\ideaIC\2020.2.4\b1d028673e39dbecbf4aa2a2bcd4f2a72f8860da\ideaIC-2020.2.4\plugins\Groovy, version=202.8194.7) misses optional descriptor duplicates-groovy.xml 
java.nio.file.NoSuchFileException: /META-INF/duplicates-groovy.xml
	at jdk.zipfs/jdk.nio.zipfs.ZipFileSystem.newInputStream(ZipFileSystem.java:591)
	at jdk.zipfs/jdk.nio.zipfs.ZipPath.newInputStream(ZipPath.java:721)
	at jdk.zipfs/jdk.nio.zipfs.ZipFileSystemProvider.newInputStream(ZipFileSystemProvider.java:275)
	at java.base/java.nio.file.Files.newInputStream(Files.java:155)
	at com.intellij.openapi.util.JDOMUtil.load(JDOMUtil.java:351)
	at com.intellij.ide.plugins.BasePathResolver.resolvePath(BasePathResolver.java:54)
	at com.intellij.ide.plugins.PluginXmlPathResolver.resolvePath(PluginXmlPathResolver.java:58)
	at com.intellij.ide.plugins.XmlReader.readDependencies(XmlReader.java:215)
	at com.intellij.ide.plugins.IdeaPluginDescriptorImpl.readExternal(IdeaPluginDescriptorImpl.java:190)
	at com.intellij.ide.plugins.PluginDescriptorLoader.loadDescriptorFromJar(PluginDescriptorLoader.java:94)
	at com.intellij.ide.plugins.PluginDescriptorLoader.loadDescriptorFromDirAndNormalize(PluginDescriptorLoader.java:145)
	at com.intellij.ide.plugins.PluginDescriptorLoader.loadDescriptorFromFileOrDir(PluginDescriptorLoader.java:120)
	at com.intellij.ide.plugins.PluginDescriptorLoader.loadDescriptor(PluginDescriptorLoader.java:44)
	at com.intellij.ide.plugins.PluginDescriptorLoader.lambda$loadDescriptorsFromDir$1(PluginDescriptorLoader.java:246)
	at java.base/java.util.concurrent.FutureTask.run(FutureTask.java:264)
	at com.intellij.util.concurrency.BoundedTaskExecutor.doRun(BoundedTaskExecutor.java:215)
	at com.intellij.util.concurrency.BoundedTaskExecutor.access$200(BoundedTaskExecutor.java:26)
	at com.intellij.util.concurrency.BoundedTaskExecutor$1.execute(BoundedTaskExecutor.java:194)
	at com.intellij.util.concurrency.BoundedTaskExecutor$1.run(BoundedTaskExecutor.java:186)
	at java.base/java.util.concurrent.ThreadPoolExecutor.runWorker(ThreadPoolExecutor.java:1128)
	at java.base/java.util.concurrent.ThreadPoolExecutor$Worker.run(ThreadPoolExecutor.java:628)
	at java.base/java.util.concurrent.Executors$PrivilegedThreadFactory$1$1.run(Executors.java:668)
	at java.base/java.util.concurrent.Executors$PrivilegedThreadFactory$1$1.run(Executors.java:665)
	at java.base/java.security.AccessController.doPrivileged(Native Method)
	at java.base/java.util.concurrent.Executors$PrivilegedThreadFactory$1.run(Executors.java:665)
	at java.base/java.lang.Thread.run(Thread.java:834)
2021-07-06 19:19:33,480 [   7505]   INFO - llij.ide.plugins.PluginManager - Plugin PluginDescriptor(name=Groovy, id=org.intellij.groovy, path=C:\Users\nverk\.gradle\caches\modules-2\files-2.1\com.jetbrains.intellij.idea\ideaIC\2020.2.4\b1d028673e39dbecbf4aa2a2bcd4f2a72f8860da\ideaIC-2020.2.4\plugins\Groovy, version=202.8194.7) misses optional descriptor duplicates-detection-groovy.xml 
java.nio.file.NoSuchFileException: /META-INF/duplicates-detection-groovy.xml
	at jdk.zipfs/jdk.nio.zipfs.ZipFileSystem.newInputStream(ZipFileSystem.java:591)
	at jdk.zipfs/jdk.nio.zipfs.ZipPath.newInputStream(ZipPath.java:721)
	at jdk.zipfs/jdk.nio.zipfs.ZipFileSystemProvider.newInputStream(ZipFileSystemProvider.java:275)
	at java.base/java.nio.file.Files.newInputStream(Files.java:155)
	at com.intellij.openapi.util.JDOMUtil.load(JDOMUtil.java:351)
	at com.intellij.ide.plugins.BasePathResolver.resolvePath(BasePathResolver.java:54)
	at com.intellij.ide.plugins.PluginXmlPathResolver.resolvePath(PluginXmlPathResolver.java:58)
	at com.intellij.ide.plugins.XmlReader.readDependencies(XmlReader.java:215)
	at com.intellij.ide.plugins.IdeaPluginDescriptorImpl.readExternal(IdeaPluginDescriptorImpl.java:190)
	at com.intellij.ide.plugins.PluginDescriptorLoader.loadDescriptorFromJar(PluginDescriptorLoader.java:94)
	at com.intellij.ide.plugins.PluginDescriptorLoader.loadDescriptorFromDirAndNormalize(PluginDescriptorLoader.java:145)
	at com.intellij.ide.plugins.PluginDescriptorLoader.loadDescriptorFromFileOrDir(PluginDescriptorLoader.java:120)
	at com.intellij.ide.plugins.PluginDescriptorLoader.loadDescriptor(PluginDescriptorLoader.java:44)
	at com.intellij.ide.plugins.PluginDescriptorLoader.lambda$loadDescriptorsFromDir$1(PluginDescriptorLoader.java:246)
	at java.base/java.util.concurrent.FutureTask.run(FutureTask.java:264)
	at com.intellij.util.concurrency.BoundedTaskExecutor.doRun(BoundedTaskExecutor.java:215)
	at com.intellij.util.concurrency.BoundedTaskExecutor.access$200(BoundedTaskExecutor.java:26)
	at com.intellij.util.concurrency.BoundedTaskExecutor$1.execute(BoundedTaskExecutor.java:194)
	at com.intellij.util.concurrency.BoundedTaskExecutor$1.run(BoundedTaskExecutor.java:186)
	at java.base/java.util.concurrent.ThreadPoolExecutor.runWorker(ThreadPoolExecutor.java:1128)
	at java.base/java.util.concurrent.ThreadPoolExecutor$Worker.run(ThreadPoolExecutor.java:628)
	at java.base/java.util.concurrent.Executors$PrivilegedThreadFactory$1$1.run(Executors.java:668)
	at java.base/java.util.concurrent.Executors$PrivilegedThreadFactory$1$1.run(Executors.java:665)
	at java.base/java.security.AccessController.doPrivileged(Native Method)
	at java.base/java.util.concurrent.Executors$PrivilegedThreadFactory$1.run(Executors.java:665)
	at java.base/java.lang.Thread.run(Thread.java:834)
2021-07-06 19:19:34,274 [   8299]   INFO - llij.ide.plugins.PluginManager - Plugin PluginDescriptor(name=Java, id=com.intellij.java, path=C:\Users\nverk\.gradle\caches\modules-2\files-2.1\com.jetbrains.intellij.idea\ideaIC\2020.2.4\b1d028673e39dbecbf4aa2a2bcd4f2a72f8860da\ideaIC-2020.2.4\plugins\java, version=202.8194.7) misses optional descriptor profiler-java.xml 
java.nio.file.NoSuchFileException: /META-INF/profiler-java.xml
	at jdk.zipfs/jdk.nio.zipfs.ZipFileSystem.newInputStream(ZipFileSystem.java:591)
	at jdk.zipfs/jdk.nio.zipfs.ZipPath.newInputStream(ZipPath.java:721)
	at jdk.zipfs/jdk.nio.zipfs.ZipFileSystemProvider.newInputStream(ZipFileSystemProvider.java:275)
	at java.base/java.nio.file.Files.newInputStream(Files.java:155)
	at com.intellij.openapi.util.JDOMUtil.load(JDOMUtil.java:351)
	at com.intellij.ide.plugins.BasePathResolver.resolvePath(BasePathResolver.java:54)
	at com.intellij.ide.plugins.PluginXmlPathResolver.resolvePath(PluginXmlPathResolver.java:58)
	at com.intellij.ide.plugins.XmlReader.readDependencies(XmlReader.java:215)
	at com.intellij.ide.plugins.IdeaPluginDescriptorImpl.readExternal(IdeaPluginDescriptorImpl.java:190)
	at com.intellij.ide.plugins.PluginDescriptorLoader.loadDescriptorFromJar(PluginDescriptorLoader.java:94)
	at com.intellij.ide.plugins.PluginDescriptorLoader.loadDescriptorFromDirAndNormalize(PluginDescriptorLoader.java:145)
	at com.intellij.ide.plugins.PluginDescriptorLoader.loadDescriptorFromFileOrDir(PluginDescriptorLoader.java:120)
	at com.intellij.ide.plugins.PluginDescriptorLoader.loadDescriptor(PluginDescriptorLoader.java:44)
	at com.intellij.ide.plugins.PluginDescriptorLoader.lambda$loadDescriptorsFromDir$1(PluginDescriptorLoader.java:246)
	at java.base/java.util.concurrent.FutureTask.run(FutureTask.java:264)
	at com.intellij.util.concurrency.BoundedTaskExecutor.doRun(BoundedTaskExecutor.java:215)
	at com.intellij.util.concurrency.BoundedTaskExecutor.access$200(BoundedTaskExecutor.java:26)
	at com.intellij.util.concurrency.BoundedTaskExecutor$1.execute(BoundedTaskExecutor.java:194)
	at com.intellij.util.concurrency.BoundedTaskExecutor$1.run(BoundedTaskExecutor.java:186)
	at java.base/java.util.concurrent.ThreadPoolExecutor.runWorker(ThreadPoolExecutor.java:1128)
	at java.base/java.util.concurrent.ThreadPoolExecutor$Worker.run(ThreadPoolExecutor.java:628)
	at java.base/java.util.concurrent.Executors$PrivilegedThreadFactory$1$1.run(Executors.java:668)
	at java.base/java.util.concurrent.Executors$PrivilegedThreadFactory$1$1.run(Executors.java:665)
	at java.base/java.security.AccessController.doPrivileged(Native Method)
	at java.base/java.util.concurrent.Executors$PrivilegedThreadFactory$1.run(Executors.java:665)
	at java.base/java.lang.Thread.run(Thread.java:834)
2021-07-06 19:19:52,717 [  26742]   INFO - llij.ide.plugins.PluginManager - Loaded bundled plugins: IDEA CORE (202.8194.7), com.intellij.platform.images (202.8194.7), JetBrains maven model api classes (202.8194.7), JetBrains Repository Search (202.8194.7), Subversion (202.8194.7), XPathView + XSLT (202.8194.7), XSLT Debugger (202.8194.7), Smali Support (202.8194.7), Configuration Script (202.8194.7), Copyright (202.8194.7), Gradle (202.8194.7), Java (202.8194.7), Bytecode Viewer (202.8194.7), JUnit (202.8194.7), Java IDE Customization (202.8194.7), Java Stream Debugger (202.8194.7), Eclipse Interoperability (202.8194.7), Java Bytecode Decompiler (202.8194.7), macOS Light Theme (202.8194.7), Windows 10 Light Theme (202.8194.7), Properties (202.8194.7), Ant (202.8194.7), Java Internationalization (202.8194.7), UI Designer (202.8194.7), JavaFX (202.8194.7), Resource Bundle Editor (202.8194.7), Machine Learning Code Completion (202.8194.7), Task Management (202.8194.7), Mercurial (202.8194.7), Webp Support (202.8194.7), EditorConfig (202.8194.7), Terminal (202.8194.7), Git (202.8194.7), ChangeReminder (202.8194.7), Next File Prediction (202.8194.7), GitHub (202.8194.7), Shell Script (202.8194.7), TextMate Bundles (202.8194.7), YAML (202.8194.7), Settings Repository (202.8194.7), IntelliLang (202.8194.7), TestNG (202.8194.7), Code Coverage for Java (202.8194.7), Groovy (202.8194.7), Maven (202.8194.7), Gradle-Java (202.8194.7), Plugin DevKit (202.8194.7), Gradle-Maven (202.8194.7), Kotlin (1.3.72-release-IJ2020.1-6), Android (10.4.0.202.8194.7), Markdown (202.8194.7), Grazie (202.8194.7) 
2021-07-06 19:19:52,717 [  26742]   INFO - llij.ide.plugins.PluginManager - Loaded custom plugins: Plugin display name here (0.0.1) 
2021-07-06 19:19:56,209 [  30234]   WARN - j.internal.DebugAttachDetector - Unable to start DebugAttachDetector, please add `--add-exports java.base/jdk.internal.vm=ALL-UNNAMED` to VM options 
2021-07-06 19:19:56,225 [  30250]   INFO - m.intellij.util.io.StorageLock - lower=100; upper=492; buffer=10; max=492 
2021-07-06 19:19:56,372 [  30397]   INFO - rains.ide.BuiltInServerManager - built-in server started, port 63343 
2021-07-06 19:19:56,372 [  30397]   INFO - tellij.util.io.FileChannelUtil - un-interruptible FileChannel-s will be used for indexes 
2021-07-06 19:19:56,394 [  30419]   INFO - fs.newvfs.persistent.FSRecords - Marking VFS as corrupted: 'D:\dev\it-hurts-idea-plugin\build\idea-sandbox\system\caches\names.dat' does not exist 
2021-07-06 19:19:56,456 [  30481]   INFO - .history.utils.LocalHistoryLog - local history version mismatch (was: 0, expected: 6), rebuilding... 
2021-07-06 19:19:56,456 [  30481]   INFO - .history.utils.LocalHistoryLog - FS has been rebuild, rebuilding local history... 
2021-07-06 19:19:56,525 [  30550]   INFO - pl.local.NativeFileWatcherImpl - Starting file watcher: C:\Users\nverk\.gradle\caches\modules-2\files-2.1\com.jetbrains.intellij.idea\ideaIC\2020.2.4\b1d028673e39dbecbf4aa2a2bcd4f2a72f8860da\ideaIC-2020.2.4\bin\win\fsnotifier64.exe 
2021-07-06 19:19:56,541 [  30566]   INFO - com.intellij.ide.ui.UISettings - Loaded: fontSize=13, fontScale=1.0; restored: fontSize=13, fontScale=1.0 
2021-07-06 19:19:56,541 [  30566]   INFO - til.net.ssl.CertificateManager - Default SSL context initialized 
2021-07-06 19:19:56,594 [  30619]   INFO - pl.local.NativeFileWatcherImpl - Native file watcher is operational. 
2021-07-06 19:19:57,374 [  31399]   INFO - stubs.SerializationManagerImpl - Name storage is repaired 
2021-07-06 19:19:58,376 [  32401]   INFO - il.indexing.FileBasedIndexImpl - Indexes to be rebuilt after corruption:FilenameIndex(v = 3),FrameworkDetectionIndex(v = 0),TodoIndex(v = 4107),IdIndex(v = 4113),filetypes(v = 3),Stubs(v = 46),Trigram.Index(v = 4099),fileIncludes(v = 6),DomFileIndex(v = -1189920956),RelaxSymbolIndex(v = 0),XmlTagNames(v = 1),XmlNamespaces(v = 8),html5.custom.attributes.index(v = 1),SchemaTypeInheritance(v = 2),json.file.root.values(v = 5),XsltSymbolIndex(v = 0),bytecodeAnalysis(v = 4107),java.auto.module.name(v = 5),java.source.module.name(v = 2),java.null.method.argument(v = 4097),java.fun.expression(v = 4102),java.binary.plus.expression(v = 4100),xmlProperties(v = 2),ant-imports(v = 5),com.intellij.uiDesigner.FormClassIndex(v = 0),JavaFxControllerClassIndex(v = 1),javafx.id.name(v = 3),javafx.custom.component(v = 2),editorconfig.index.name(v = 5),yaml.keys.name(v = 1),groovy.trait.fields(v = 5),groovy.trait.methods(v = 25),IdeaPluginRegistrationIndex(v = 3),PluginIdModuleIndex(v = 1),PluginIdDependenciesIndex(v = 1),devkit.ExtensionPointIndex(v = 0),org.jetbrains.kotlin.idea.versions.KotlinJvmMetadataVersionIndex(v = 5),org.jetbrains.kotlin.idea.versions.KotlinJsMetadataVersionIndex(v = 3),org.jetbrains.kotlin.idea.vfilefinder.KotlinClassFileIndex(v = 3),org.jetbrains.kotlin.idea.vfilefinder.KotlinJavaScriptMetaFileIndex(v = 4),org.jetbrains.kotlin.idea.vfilefinder.KotlinMetadataFileIndex(v = 1),org.jetbrains.kotlin.idea.vfilefinder.KotlinMetadataFilePackageIndex(v = 1),org.jetbrains.kotlin.idea.vfilefinder.KotlinModuleMappingIndex(v = 5),org.jetbrains.kotlin.idea.vfilefinder.KotlinPackageSourcesMemberNamesIndex(v = 2),org.jetbrains.kotlin.idea.vfilefinder.KotlinJvmModuleAnnotationsIndex(v = 1),org.jetbrains.kotlin.ide.konan.index.KotlinNativeMetaFileIndex(v = 4),com.android.tools.idea.model.AndroidManifestIndex$Companion$NAME$1.NAME(v = 4),BindingXmlIndex(v = 7),MlModelFileIndex(v = 1) 
2021-07-06 19:19:58,376 [  32401]   INFO - leBasedIndexDataInitialization - Initialization done: 1970 
2021-07-06 19:19:58,630 [  32655]   INFO - tellij.psi.stubs.StubIndexImpl - Following stub indices will be built:dom.namespaceKey(v = 1),dom.elementClass(v = 0),properties.index(v = 2),gr.class.fqn(v = 1),gr.script.fqn(v = 2),gr.field.name(v = 2),gr.method.name(v = 2),gr.annot.method.name(v = 2),gr.annot.members(v = 2),gr.script.class(v = 2),gr.class.super(v = 2),gr.anonymous.class(v = 3),org.jetbrains.kotlin.idea.stubindex.KotlinExactPackagesIndex(v = 2),org.jetbrains.kotlin.idea.stubindex.KotlinTopLevelClassByPackageIndex(v = 2),org.jetbrains.kotlin.idea.stubindex.KotlinTopLevelFunctionByPackageIndex(v = 2),org.jetbrains.kotlin.idea.stubindex.KotlinTopLevelPropertyByPackageIndex(v = 2),org.jetbrains.kotlin.idea.stubindex.KotlinTopLevelTypeAliasByPackageIndex(v = 2),org.jetbrains.kotlin.idea.stubindex.KotlinClassShortNameIndex(v = 2),org.jetbrains.kotlin.idea.stubindex.KotlinFullClassNameIndex(v = 2),org.jetbrains.kotlin.idea.stubindex.KotlinPropertyShortNameIndex(v = 2),org.jetbrains.kotlin.idea.stubindex.KotlinFunctionShortNameIndex(v = 2),org.jetbrains.kotlin.idea.stubindex.KotlinTypeAliasShortNameIndex(v = 2),org.jetbrains.kotlin.idea.stubindex.KotlinSuperClassIndex(v = 2),org.jetbrains.kotlin.idea.stubindex.KotlinTopLevelFunctionFqnNameIndex(v = 2),org.jetbrains.kotlin.idea.stubindex.KotlinTopLevelPropertyFqnNameIndex(v = 2),org.jetbrains.kotlin.idea.stubindex.KotlinTopLevelTypeAliasFqNameIndex(v = 2),org.jetbrains.kotlin.idea.stubindex.KotlinTopLevelExtensionsByReceiverTypeIndex(v = 2),org.jetbrains.kotlin.idea.stubindex.KotlinAnnotationsIndex(v = 3),org.jetbrains.kotlin.idea.stubindex.KotlinProbablyNothingFunctionShortNameIndex(v = 2),org.jetbrains.kotlin.idea.stubindex.KotlinProbablyNothingPropertyShortNameIndex(v = 2),org.jetbrains.kotlin.idea.stubindex.KotlinProbablyContractedFunctionShortNameIndex(v = 2),org.jetbrains.kotlin.idea.stubindex.KotlinFileFacadeFqNameIndex(v = 2),org.jetbrains.kotlin.idea.stubindex.KotlinFilePartClassIndex(v = 2),org.jetbrains.kotlin.idea.stubindex.KotlinFileFacadeClassByPackageIndex(v = 2),org.jetbrains.kotlin.idea.stubindex.KotlinFileFacadeShortNameIndex(v = 2),org.jetbrains.kotlin.idea.stubindex.KotlinMultifileClassPartIndex(v = 2),org.jetbrains.kotlin.idea.stubindex.KotlinScriptFqnIndex(v = 2),org.jetbrains.kotlin.idea.stubindex.KotlinTypeAliasByExpansionShortNameIndex(v = 2),org.jetbrains.kotlin.idea.stubindex.KotlinOverridableInternalMembersShortNameIndex(v = 2),markdown.header(v = 2),java.annotations(v = 2),java.class.extlist(v = 3),java.field.name(v = 2),java.method.name(v = 2),jvm.static.member.name(v = 2),jvm.static.member.type(v = 2),java.anonymous.baseref(v = 2),java.method.parameter.types(v = 3),java.class.shortname(v = 4),java.class.fqn(v = 1),java.module.name(v = 4) 
2021-07-06 19:19:58,630 [  32655]   INFO - exImpl$StubIndexInitialization - Initialization done: 245 
2021-07-06 19:19:58,747 [  32772]   INFO - gs.impl.UpdateCheckerComponent - channel: release 
2021-07-06 19:19:58,763 [  32788]   INFO - penapi.application.Experiments - Experimental features enabled for user: wsl.p9.support, wsl.p9.show.roots.in.file.chooser, inline.browse.button, linux.native.menu, recent.and.edited.files.together, show.create.new.element.in.popup, copy.reference.popup, new.large.text.file.viewer, property.value.inplace.editing, terminal.shell.command.handling 
2021-07-06 19:20:13,416 [  47441]   WARN - ConfigurableExtensionPointUtil - ignore deprecated groupId: language for id: preferences.language.Kotlin.scripting 
2021-07-06 19:20:13,954 [  47979]   INFO - CompilerWorkspaceConfiguration - Available processors: 16 
2021-07-06 19:20:29,577 [  63602]   INFO - gins.PluginManagerConfigurable - Main plugin repository is not available ('connect timed out'). Please check your network settings. 
2021-07-06 19:20:29,577 [  63602]  ERROR - plication.impl.ApplicationImpl - connect timed out 
java.net.SocketTimeoutException: connect timed out
	at java.base/java.net.PlainSocketImpl.waitForConnect(Native Method)
	at java.base/java.net.PlainSocketImpl.socketConnect(PlainSocketImpl.java:107)
	at java.base/java.net.AbstractPlainSocketImpl.doConnect(AbstractPlainSocketImpl.java:399)
	at java.base/java.net.AbstractPlainSocketImpl.connectToAddress(AbstractPlainSocketImpl.java:242)
	at java.base/java.net.AbstractPlainSocketImpl.connect(AbstractPlainSocketImpl.java:224)
	at java.base/java.net.SocksSocketImpl.connect(SocksSocketImpl.java:403)
	at java.base/java.net.Socket.connect(Socket.java:609)
	at java.base/sun.security.ssl.SSLSocketImpl.connect(SSLSocketImpl.java:289)
	at java.base/sun.net.NetworkClient.doConnect(NetworkClient.java:177)
	at java.base/sun.net.www.http.HttpClient.openServer(HttpClient.java:474)
	at java.base/sun.net.www.http.HttpClient.openServer(HttpClient.java:569)
	at java.base/sun.net.www.protocol.https.HttpsClient.<init>(HttpsClient.java:265)
	at java.base/sun.net.www.protocol.https.HttpsClient.New(HttpsClient.java:372)
	at java.base/sun.net.www.protocol.https.AbstractDelegateHttpsURLConnection.getNewHttpClient(AbstractDelegateHttpsURLConnection.java:191)
	at java.base/sun.net.www.protocol.http.HttpURLConnection.plainConnect0(HttpURLConnection.java:1232)
	at java.base/sun.net.www.protocol.http.HttpURLConnection.plainConnect(HttpURLConnection.java:1081)
	at java.base/sun.net.www.protocol.https.AbstractDelegateHttpsURLConnection.connect(AbstractDelegateHttpsURLConnection.java:177)
	at java.base/sun.net.www.protocol.http.HttpURLConnection.getInputStream0(HttpURLConnection.java:1592)
	at java.base/sun.net.www.protocol.http.HttpURLConnection.getInputStream(HttpURLConnection.java:1520)
	at java.base/java.net.HttpURLConnection.getResponseCode(HttpURLConnection.java:527)
	at java.base/sun.net.www.protocol.https.HttpsURLConnectionImpl.getResponseCode(HttpsURLConnectionImpl.java:334)
	at com.intellij.util.io.HttpRequests.openConnection(HttpRequests.java:606)
	at com.intellij.util.io.HttpRequests.access$300(HttpRequests.java:57)
	at com.intellij.util.io.HttpRequests$RequestImpl.getConnection(HttpRequests.java:376)
	at com.intellij.ide.plugins.marketplace.MarketplaceRequests$readOrUpdateFile$2.process(MarketplaceRequests.kt:246)
	at com.intellij.util.io.HttpRequests.doProcess(HttpRequests.java:517)
	at com.intellij.util.io.HttpRequests.process(HttpRequests.java:499)
	at com.intellij.util.io.HttpRequests.access$100(HttpRequests.java:57)
	at com.intellij.util.io.HttpRequests$RequestBuilderImpl.connect(HttpRequests.java:350)
	at com.intellij.ide.plugins.marketplace.MarketplaceRequests.readOrUpdateFile(MarketplaceRequests.kt:244)
	at com.intellij.ide.plugins.marketplace.MarketplaceRequests.getMarketplacePlugins(MarketplaceRequests.kt:130)
	at com.intellij.openapi.updateSettings.impl.UpdateChecker.validateCompatibleUpdatesForCurrentPlugins(UpdateChecker.kt:314)
	at com.intellij.openapi.updateSettings.impl.UpdateChecker.updateDescriptorsForInstalledPlugins(UpdateChecker.kt:300)
	at com.intellij.ide.plugins.CustomPluginRepositoryService.lambda$getCustomRepositoryPluginMap$0(CustomPluginRepositoryService.java:64)
	at com.intellij.util.RunnableCallable.call(RunnableCallable.java:20)
	at com.intellij.util.RunnableCallable.call(RunnableCallable.java:11)
	at com.intellij.openapi.application.impl.ApplicationImpl$1.call(ApplicationImpl.java:268)
	at java.base/java.util.concurrent.FutureTask.run(FutureTask.java:264)
	at java.base/java.util.concurrent.ThreadPoolExecutor.runWorker(ThreadPoolExecutor.java:1128)
	at java.base/java.util.concurrent.ThreadPoolExecutor$Worker.run(ThreadPoolExecutor.java:628)
	at java.base/java.util.concurrent.Executors$PrivilegedThreadFactory$1$1.run(Executors.java:668)
	at java.base/java.util.concurrent.Executors$PrivilegedThreadFactory$1$1.run(Executors.java:665)
	at java.base/java.security.AccessController.doPrivileged(Native Method)
	at java.base/java.util.concurrent.Executors$PrivilegedThreadFactory$1.run(Executors.java:665)
	at java.base/java.lang.Thread.run(Thread.java:834)
2021-07-06 19:20:29,577 [  63602]  ERROR - plication.impl.ApplicationImpl - IntelliJ IDEA 2020.2.4  Build #IC-202.8194.7 
2021-07-06 19:20:29,577 [  63602]  ERROR - plication.impl.ApplicationImpl - JDK: 11.0.9; VM: OpenJDK 64-Bit Server VM; Vendor: JetBrains s.r.o. 
2021-07-06 19:20:29,577 [  63602]  ERROR - plication.impl.ApplicationImpl - OS: Windows 10 
2021-07-06 19:20:29,577 [  63602]  ERROR - plication.impl.ApplicationImpl - Last Action: Tree-selectPrevious 
2021-07-06 19:21:13,227 [ 107252]   INFO -                         STDOUT - okhttp3.internal.http.RealResponseBody@6c4bbe51 
2021-07-06 19:21:52,709 [      0]   INFO -        #com.intellij.idea.Main - ------------------------------------------------------ IDE STARTED ------------------------------------------------------ 
2021-07-06 19:21:52,725 [     16]   INFO -        #com.intellij.idea.Main - IDE: IntelliJ IDEA (build #IC-202.8194.7, 24 Nov 2020 14:43) 
2021-07-06 19:21:52,725 [     16]   INFO -        #com.intellij.idea.Main - OS: Windows 10 (10.0, amd64) 
2021-07-06 19:21:52,725 [     16]   INFO -        #com.intellij.idea.Main - JRE: 11.0.9+11-b944.49 (JetBrains s.r.o.) 
2021-07-06 19:21:52,725 [     16]   INFO -        #com.intellij.idea.Main - JVM: 11.0.9+11-b944.49 (OpenJDK 64-Bit Server VM) 
2021-07-06 19:21:52,725 [     16]   INFO -        #com.intellij.idea.Main - JVM Args: -Didea.auto.reload.plugins=true -Didea.classpath.index.enabled=false -Didea.config.path=D:\dev\it-hurts-idea-plugin\build\idea-sandbox\config -Didea.is.internal=true -Didea.platform.prefix=Idea -Didea.plugins.path=D:\dev\it-hurts-idea-plugin\build\idea-sandbox\plugins -Didea.required.plugins.id=org.example.it-hurts-idea-dev.ithurts.plugin -Didea.system.path=D:\dev\it-hurts-idea-plugin\build\idea-sandbox\system -agentlib:jdwp=transport=dt_socket,server=n,suspend=y,address=127.0.0.1:54364 -Xms256m -Xmx512m -Dfile.encoding=windows-1252 -Duser.country=US -Duser.language=en -Duser.variant -ea 
2021-07-06 19:21:52,725 [     16]   INFO -        #com.intellij.idea.Main - library path: C:\Users\nverk\.gradle\caches\modules-2\files-2.1\com.jetbrains\jbre\jbr-11_0_9-windows-x64-b944.49\jbr\bin;C:\Windows\Sun\Java\bin;C:\Windows\system32;C:\Windows;C:\Program Files\Amazon Corretto\jdk11.0.11_9\bin;C:\Program Files\Common Files\Oracle\Java\javapath;C:\Windows\system32;C:\Windows;C:\Windows\System32\Wbem;C:\Windows\System32\WindowsPowerShell\v1.0\;C:\Windows\System32\OpenSSH\;C:\Program Files\Docker\Docker\resources\bin;C:\ProgramData\DockerDesktop\version-bin;C:\Program Files\Git\cmd;C:\ProgramData\chocolatey\bin;C:\ProgramData\chocolatey\lib\maven\apache-maven-3.8.1\bin;C:\Program Files\nodejs\;C:\Program Files (x86)\Yarn\bin\;C:\Users\nverk\AppData\Local\Microsoft\WindowsApps;;C:\Users\nverk\AppData\Local\Programs\Microsoft VS Code\bin;C:\Program Files\JetBrains\IntelliJ IDEA 2021.1.2\bin;;C:\Users\nverk\AppData\Roaming\npm;C:\Users\nverk\AppData\Local\Yarn\bin;. 
2021-07-06 19:21:52,725 [     16]   INFO -        #com.intellij.idea.Main - boot library path: C:\Users\nverk\.gradle\caches\modules-2\files-2.1\com.jetbrains\jbre\jbr-11_0_9-windows-x64-b944.49\jbr\bin 
2021-07-06 19:21:52,725 [     16]   INFO -        #com.intellij.idea.Main - locale=en_US JNU=Cp1252 file.encoding=windows-1252
  idea.config.path=D:\dev\it-hurts-idea-plugin\build\idea-sandbox\config
  idea.system.path=D:\dev\it-hurts-idea-plugin\build\idea-sandbox\system
  idea.plugins.path=D:\dev\it-hurts-idea-plugin\build\idea-sandbox\plugins
  idea.log.path=D:\dev\it-hurts-idea-plugin\build\idea-sandbox\system/log 
2021-07-06 19:21:52,741 [     32]   INFO - ntellij.idea.ApplicationLoader - CPU cores: 16; ForkJoinPool.commonPool: java.util.concurrent.ForkJoinPool@536656dd[Running, parallelism = 15, size = 0, active = 0, running = 0, steals = 0, tasks = 0, submissions = 0]; factory: com.intellij.concurrency.IdeaForkJoinWorkerThreadFactory@71d1aa 
2021-07-06 19:21:52,921 [    212]   INFO -        #com.intellij.idea.Main - JNA library (64-bit) loaded in 196 ms 
2021-07-06 19:21:52,921 [    212]   INFO - penapi.util.io.win32.IdeaWin32 - Native filesystem for Windows is operational 
2021-07-06 19:21:53,233 [    524]   INFO - llij.ide.plugins.PluginManager - Plugin PluginDescriptor(name=Groovy, id=org.intellij.groovy, path=C:\Users\nverk\.gradle\caches\modules-2\files-2.1\com.jetbrains.intellij.idea\ideaIC\2020.2.4\b1d028673e39dbecbf4aa2a2bcd4f2a72f8860da\ideaIC-2020.2.4\plugins\Groovy, version=202.8194.7) misses optional descriptor duplicates-groovy.xml 
java.nio.file.NoSuchFileException: /META-INF/duplicates-groovy.xml
	at jdk.zipfs/jdk.nio.zipfs.ZipFileSystem.newInputStream(ZipFileSystem.java:591)
	at jdk.zipfs/jdk.nio.zipfs.ZipPath.newInputStream(ZipPath.java:721)
	at jdk.zipfs/jdk.nio.zipfs.ZipFileSystemProvider.newInputStream(ZipFileSystemProvider.java:275)
	at java.base/java.nio.file.Files.newInputStream(Files.java:155)
	at com.intellij.openapi.util.JDOMUtil.load(JDOMUtil.java:351)
	at com.intellij.ide.plugins.BasePathResolver.resolvePath(BasePathResolver.java:54)
	at com.intellij.ide.plugins.PluginXmlPathResolver.resolvePath(PluginXmlPathResolver.java:58)
	at com.intellij.ide.plugins.XmlReader.readDependencies(XmlReader.java:215)
	at com.intellij.ide.plugins.IdeaPluginDescriptorImpl.readExternal(IdeaPluginDescriptorImpl.java:190)
	at com.intellij.ide.plugins.PluginDescriptorLoader.loadDescriptorFromJar(PluginDescriptorLoader.java:94)
	at com.intellij.ide.plugins.PluginDescriptorLoader.loadDescriptorFromDirAndNormalize(PluginDescriptorLoader.java:145)
	at com.intellij.ide.plugins.PluginDescriptorLoader.loadDescriptorFromFileOrDir(PluginDescriptorLoader.java:120)
	at com.intellij.ide.plugins.PluginDescriptorLoader.loadDescriptor(PluginDescriptorLoader.java:44)
	at com.intellij.ide.plugins.PluginDescriptorLoader.lambda$loadDescriptorsFromDir$1(PluginDescriptorLoader.java:246)
	at java.base/java.util.concurrent.FutureTask.run(FutureTask.java:264)
	at com.intellij.util.concurrency.BoundedTaskExecutor.doRun(BoundedTaskExecutor.java:215)
	at com.intellij.util.concurrency.BoundedTaskExecutor.access$200(BoundedTaskExecutor.java:26)
	at com.intellij.util.concurrency.BoundedTaskExecutor$1.execute(BoundedTaskExecutor.java:194)
	at com.intellij.util.concurrency.BoundedTaskExecutor$1.run(BoundedTaskExecutor.java:186)
	at java.base/java.util.concurrent.ThreadPoolExecutor.runWorker(ThreadPoolExecutor.java:1128)
	at java.base/java.util.concurrent.ThreadPoolExecutor$Worker.run(ThreadPoolExecutor.java:628)
	at java.base/java.util.concurrent.Executors$PrivilegedThreadFactory$1$1.run(Executors.java:668)
	at java.base/java.util.concurrent.Executors$PrivilegedThreadFactory$1$1.run(Executors.java:665)
	at java.base/java.security.AccessController.doPrivileged(Native Method)
	at java.base/java.util.concurrent.Executors$PrivilegedThreadFactory$1.run(Executors.java:665)
	at java.base/java.lang.Thread.run(Thread.java:834)
2021-07-06 19:21:53,248 [    539]   INFO - llij.ide.plugins.PluginManager - Plugin PluginDescriptor(name=Groovy, id=org.intellij.groovy, path=C:\Users\nverk\.gradle\caches\modules-2\files-2.1\com.jetbrains.intellij.idea\ideaIC\2020.2.4\b1d028673e39dbecbf4aa2a2bcd4f2a72f8860da\ideaIC-2020.2.4\plugins\Groovy, version=202.8194.7) misses optional descriptor duplicates-detection-groovy.xml 
java.nio.file.NoSuchFileException: /META-INF/duplicates-detection-groovy.xml
	at jdk.zipfs/jdk.nio.zipfs.ZipFileSystem.newInputStream(ZipFileSystem.java:591)
	at jdk.zipfs/jdk.nio.zipfs.ZipPath.newInputStream(ZipPath.java:721)
	at jdk.zipfs/jdk.nio.zipfs.ZipFileSystemProvider.newInputStream(ZipFileSystemProvider.java:275)
	at java.base/java.nio.file.Files.newInputStream(Files.java:155)
	at com.intellij.openapi.util.JDOMUtil.load(JDOMUtil.java:351)
	at com.intellij.ide.plugins.BasePathResolver.resolvePath(BasePathResolver.java:54)
	at com.intellij.ide.plugins.PluginXmlPathResolver.resolvePath(PluginXmlPathResolver.java:58)
	at com.intellij.ide.plugins.XmlReader.readDependencies(XmlReader.java:215)
	at com.intellij.ide.plugins.IdeaPluginDescriptorImpl.readExternal(IdeaPluginDescriptorImpl.java:190)
	at com.intellij.ide.plugins.PluginDescriptorLoader.loadDescriptorFromJar(PluginDescriptorLoader.java:94)
	at com.intellij.ide.plugins.PluginDescriptorLoader.loadDescriptorFromDirAndNormalize(PluginDescriptorLoader.java:145)
	at com.intellij.ide.plugins.PluginDescriptorLoader.loadDescriptorFromFileOrDir(PluginDescriptorLoader.java:120)
	at com.intellij.ide.plugins.PluginDescriptorLoader.loadDescriptor(PluginDescriptorLoader.java:44)
	at com.intellij.ide.plugins.PluginDescriptorLoader.lambda$loadDescriptorsFromDir$1(PluginDescriptorLoader.java:246)
	at java.base/java.util.concurrent.FutureTask.run(FutureTask.java:264)
	at com.intellij.util.concurrency.BoundedTaskExecutor.doRun(BoundedTaskExecutor.java:215)
	at com.intellij.util.concurrency.BoundedTaskExecutor.access$200(BoundedTaskExecutor.java:26)
	at com.intellij.util.concurrency.BoundedTaskExecutor$1.execute(BoundedTaskExecutor.java:194)
	at com.intellij.util.concurrency.BoundedTaskExecutor$1.run(BoundedTaskExecutor.java:186)
	at java.base/java.util.concurrent.ThreadPoolExecutor.runWorker(ThreadPoolExecutor.java:1128)
	at java.base/java.util.concurrent.ThreadPoolExecutor$Worker.run(ThreadPoolExecutor.java:628)
	at java.base/java.util.concurrent.Executors$PrivilegedThreadFactory$1$1.run(Executors.java:668)
	at java.base/java.util.concurrent.Executors$PrivilegedThreadFactory$1$1.run(Executors.java:665)
	at java.base/java.security.AccessController.doPrivileged(Native Method)
	at java.base/java.util.concurrent.Executors$PrivilegedThreadFactory$1.run(Executors.java:665)
	at java.base/java.lang.Thread.run(Thread.java:834)
2021-07-06 19:21:53,349 [    640]   INFO - llij.ide.plugins.PluginManager - Plugin PluginDescriptor(name=Java, id=com.intellij.java, path=C:\Users\nverk\.gradle\caches\modules-2\files-2.1\com.jetbrains.intellij.idea\ideaIC\2020.2.4\b1d028673e39dbecbf4aa2a2bcd4f2a72f8860da\ideaIC-2020.2.4\plugins\java, version=202.8194.7) misses optional descriptor profiler-java.xml 
java.nio.file.NoSuchFileException: /META-INF/profiler-java.xml
	at jdk.zipfs/jdk.nio.zipfs.ZipFileSystem.newInputStream(ZipFileSystem.java:591)
	at jdk.zipfs/jdk.nio.zipfs.ZipPath.newInputStream(ZipPath.java:721)
	at jdk.zipfs/jdk.nio.zipfs.ZipFileSystemProvider.newInputStream(ZipFileSystemProvider.java:275)
	at java.base/java.nio.file.Files.newInputStream(Files.java:155)
	at com.intellij.openapi.util.JDOMUtil.load(JDOMUtil.java:351)
	at com.intellij.ide.plugins.BasePathResolver.resolvePath(BasePathResolver.java:54)
	at com.intellij.ide.plugins.PluginXmlPathResolver.resolvePath(PluginXmlPathResolver.java:58)
	at com.intellij.ide.plugins.XmlReader.readDependencies(XmlReader.java:215)
	at com.intellij.ide.plugins.IdeaPluginDescriptorImpl.readExternal(IdeaPluginDescriptorImpl.java:190)
	at com.intellij.ide.plugins.PluginDescriptorLoader.loadDescriptorFromJar(PluginDescriptorLoader.java:94)
	at com.intellij.ide.plugins.PluginDescriptorLoader.loadDescriptorFromDirAndNormalize(PluginDescriptorLoader.java:145)
	at com.intellij.ide.plugins.PluginDescriptorLoader.loadDescriptorFromFileOrDir(PluginDescriptorLoader.java:120)
	at com.intellij.ide.plugins.PluginDescriptorLoader.loadDescriptor(PluginDescriptorLoader.java:44)
	at com.intellij.ide.plugins.PluginDescriptorLoader.lambda$loadDescriptorsFromDir$1(PluginDescriptorLoader.java:246)
	at java.base/java.util.concurrent.FutureTask.run(FutureTask.java:264)
	at com.intellij.util.concurrency.BoundedTaskExecutor.doRun(BoundedTaskExecutor.java:215)
	at com.intellij.util.concurrency.BoundedTaskExecutor.access$200(BoundedTaskExecutor.java:26)
	at com.intellij.util.concurrency.BoundedTaskExecutor$1.execute(BoundedTaskExecutor.java:194)
	at com.intellij.util.concurrency.BoundedTaskExecutor$1.run(BoundedTaskExecutor.java:186)
	at java.base/java.util.concurrent.ThreadPoolExecutor.runWorker(ThreadPoolExecutor.java:1128)
	at java.base/java.util.concurrent.ThreadPoolExecutor$Worker.run(ThreadPoolExecutor.java:628)
	at java.base/java.util.concurrent.Executors$PrivilegedThreadFactory$1$1.run(Executors.java:668)
	at java.base/java.util.concurrent.Executors$PrivilegedThreadFactory$1$1.run(Executors.java:665)
	at java.base/java.security.AccessController.doPrivileged(Native Method)
	at java.base/java.util.concurrent.Executors$PrivilegedThreadFactory$1.run(Executors.java:665)
	at java.base/java.lang.Thread.run(Thread.java:834)
2021-07-06 19:21:53,442 [    733]   INFO - llij.ide.plugins.PluginManager - Loaded bundled plugins: IDEA CORE (202.8194.7), com.intellij.platform.images (202.8194.7), JetBrains maven model api classes (202.8194.7), JetBrains Repository Search (202.8194.7), Subversion (202.8194.7), XPathView + XSLT (202.8194.7), XSLT Debugger (202.8194.7), Smali Support (202.8194.7), Configuration Script (202.8194.7), Copyright (202.8194.7), Gradle (202.8194.7), Java (202.8194.7), Bytecode Viewer (202.8194.7), JUnit (202.8194.7), Java IDE Customization (202.8194.7), Java Stream Debugger (202.8194.7), Eclipse Interoperability (202.8194.7), Java Bytecode Decompiler (202.8194.7), macOS Light Theme (202.8194.7), Windows 10 Light Theme (202.8194.7), Properties (202.8194.7), Ant (202.8194.7), Java Internationalization (202.8194.7), UI Designer (202.8194.7), JavaFX (202.8194.7), Resource Bundle Editor (202.8194.7), Machine Learning Code Completion (202.8194.7), Task Management (202.8194.7), Mercurial (202.8194.7), Webp Support (202.8194.7), EditorConfig (202.8194.7), Terminal (202.8194.7), Git (202.8194.7), ChangeReminder (202.8194.7), Next File Prediction (202.8194.7), GitHub (202.8194.7), Shell Script (202.8194.7), TextMate Bundles (202.8194.7), YAML (202.8194.7), Settings Repository (202.8194.7), IntelliLang (202.8194.7), TestNG (202.8194.7), Code Coverage for Java (202.8194.7), Groovy (202.8194.7), Maven (202.8194.7), Gradle-Java (202.8194.7), Plugin DevKit (202.8194.7), Gradle-Maven (202.8194.7), Kotlin (1.3.72-release-IJ2020.1-6), Android (10.4.0.202.8194.7), Markdown (202.8194.7), Grazie (202.8194.7) 
2021-07-06 19:21:53,442 [    733]   INFO - llij.ide.plugins.PluginManager - Loaded custom plugins: Plugin display name here (0.0.1) 
2021-07-06 19:21:53,912 [   1203]   INFO - m.intellij.util.io.StorageLock - lower=100; upper=492; buffer=10; max=492 
2021-07-06 19:21:53,912 [   1203]   WARN - j.internal.DebugAttachDetector - Unable to start DebugAttachDetector, please add `--add-exports java.base/jdk.internal.vm=ALL-UNNAMED` to VM options 
2021-07-06 19:21:53,950 [   1241]   INFO - tellij.util.io.FileChannelUtil - un-interruptible FileChannel-s will be used for indexes 
2021-07-06 19:21:53,997 [   1288]   INFO - rains.ide.BuiltInServerManager - built-in server started, port 63343 
2021-07-06 19:21:54,043 [   1334]   INFO - com.intellij.ide.ui.UISettings - Loaded: fontSize=13, fontScale=1.0; restored: fontSize=13, fontScale=1.0 
2021-07-06 19:21:54,179 [   1470]   INFO - til.net.ssl.CertificateManager - Default SSL context initialized 
2021-07-06 19:21:54,250 [   1541]   INFO - pl.local.NativeFileWatcherImpl - Starting file watcher: C:\Users\nverk\.gradle\caches\modules-2\files-2.1\com.jetbrains.intellij.idea\ideaIC\2020.2.4\b1d028673e39dbecbf4aa2a2bcd4f2a72f8860da\ideaIC-2020.2.4\bin\win\fsnotifier64.exe 
2021-07-06 19:21:54,267 [   1558]   INFO - pl.local.NativeFileWatcherImpl - Native file watcher is operational. 
2021-07-06 19:21:54,582 [   1873]   INFO - gs.impl.UpdateCheckerComponent - channel: release 
2021-07-06 19:21:54,613 [   1904]   INFO - penapi.application.Experiments - Experimental features enabled for user: wsl.p9.support, wsl.p9.show.roots.in.file.chooser, inline.browse.button, linux.native.menu, recent.and.edited.files.together, show.create.new.element.in.popup, copy.reference.popup, new.large.text.file.viewer, property.value.inplace.editing, terminal.shell.command.handling 
2021-07-06 19:21:56,031 [   3322]   INFO - leBasedIndexDataInitialization - Initialization done: 1991 
2021-07-06 19:21:56,676 [   3967]   INFO - exImpl$StubIndexInitialization - Initialization done: 647 
2021-07-06 19:22:29,244 [  36535]   WARN - ConfigurableExtensionPointUtil - ignore deprecated groupId: language for id: preferences.language.Kotlin.scripting 
2021-07-06 19:22:29,923 [  37214]   INFO - CompilerWorkspaceConfiguration - Available processors: 16 
2021-07-06 19:23:33,495 [ 100786]  ERROR - llij.ide.plugins.PluginManager - closed 
java.lang.IllegalStateException: closed
	at okio.RealBufferedSource.select(RealBufferedSource.kt:220)
	at okhttp3.internal.Util.readBomAsCharset(Util.kt:256)
	at okhttp3.ResponseBody.string(ResponseBody.kt:187)
	at dev.ithurts.plugin.ItHurtsClient$getTokens$1.invoke(ItHurtsClient.kt:24)
	at dev.ithurts.plugin.ItHurtsClient$getTokens$1.invoke(ItHurtsClient.kt:11)
	at dev.ithurts.plugin.ItHurtsClient$handle$1.onResponse(ItHurtsClient.kt:41)
	at okhttp3.internal.connection.RealCall$AsyncCall.run(RealCall.kt:504)
	at java.base/java.util.concurrent.ThreadPoolExecutor.runWorker(ThreadPoolExecutor.java:1128)
	at java.base/java.util.concurrent.ThreadPoolExecutor$Worker.run(ThreadPoolExecutor.java:628)
	at java.base/java.lang.Thread.run(Thread.java:834)
2021-07-06 19:23:33,495 [ 100786]  ERROR - llij.ide.plugins.PluginManager - IntelliJ IDEA 2020.2.4  Build #IC-202.8194.7 
2021-07-06 19:23:33,495 [ 100786]  ERROR - llij.ide.plugins.PluginManager - JDK: 11.0.9; VM: OpenJDK 64-Bit Server VM; Vendor: JetBrains s.r.o. 
2021-07-06 19:23:33,495 [ 100786]  ERROR - llij.ide.plugins.PluginManager - OS: Windows 10 
2021-07-06 19:23:33,495 [ 100786]  ERROR - llij.ide.plugins.PluginManager - Plugin to blame: Plugin display name here version: 0.0.1 
2021-07-06 19:23:33,495 [ 100786]  ERROR - llij.ide.plugins.PluginManager - Last Action: EditorPaste 
2021-07-06 19:24:42,801 [      0]   INFO -        #com.intellij.idea.Main - ------------------------------------------------------ IDE STARTED ------------------------------------------------------ 
2021-07-06 19:24:42,817 [     16]   INFO -        #com.intellij.idea.Main - IDE: IntelliJ IDEA (build #IC-202.8194.7, 24 Nov 2020 14:43) 
2021-07-06 19:24:42,825 [     24]   INFO -        #com.intellij.idea.Main - OS: Windows 10 (10.0, amd64) 
2021-07-06 19:24:42,825 [     24]   INFO -        #com.intellij.idea.Main - JRE: 11.0.9+11-b944.49 (JetBrains s.r.o.) 
2021-07-06 19:24:42,825 [     24]   INFO -        #com.intellij.idea.Main - JVM: 11.0.9+11-b944.49 (OpenJDK 64-Bit Server VM) 
2021-07-06 19:24:42,825 [     24]   INFO -        #com.intellij.idea.Main - JVM Args: -Didea.auto.reload.plugins=true -Didea.classpath.index.enabled=false -Didea.config.path=D:\dev\it-hurts-idea-plugin\build\idea-sandbox\config -Didea.is.internal=true -Didea.platform.prefix=Idea -Didea.plugins.path=D:\dev\it-hurts-idea-plugin\build\idea-sandbox\plugins -Didea.required.plugins.id=org.example.it-hurts-idea-dev.ithurts.plugin -Didea.system.path=D:\dev\it-hurts-idea-plugin\build\idea-sandbox\system -agentlib:jdwp=transport=dt_socket,server=n,suspend=y,address=127.0.0.1:63151 -Xms256m -Xmx512m -Dfile.encoding=windows-1252 -Duser.country=US -Duser.language=en -Duser.variant -ea 
2021-07-06 19:24:42,825 [     24]   INFO -        #com.intellij.idea.Main - library path: C:\Users\nverk\.gradle\caches\modules-2\files-2.1\com.jetbrains\jbre\jbr-11_0_9-windows-x64-b944.49\jbr\bin;C:\Windows\Sun\Java\bin;C:\Windows\system32;C:\Windows;C:\Program Files\Amazon Corretto\jdk11.0.11_9\bin;C:\Program Files\Common Files\Oracle\Java\javapath;C:\Windows\system32;C:\Windows;C:\Windows\System32\Wbem;C:\Windows\System32\WindowsPowerShell\v1.0\;C:\Windows\System32\OpenSSH\;C:\Program Files\Docker\Docker\resources\bin;C:\ProgramData\DockerDesktop\version-bin;C:\Program Files\Git\cmd;C:\ProgramData\chocolatey\bin;C:\ProgramData\chocolatey\lib\maven\apache-maven-3.8.1\bin;C:\Program Files\nodejs\;C:\Program Files (x86)\Yarn\bin\;C:\Users\nverk\AppData\Local\Microsoft\WindowsApps;;C:\Users\nverk\AppData\Local\Programs\Microsoft VS Code\bin;C:\Program Files\JetBrains\IntelliJ IDEA 2021.1.2\bin;;C:\Users\nverk\AppData\Roaming\npm;C:\Users\nverk\AppData\Local\Yarn\bin;. 
2021-07-06 19:24:42,825 [     24]   INFO -        #com.intellij.idea.Main - boot library path: C:\Users\nverk\.gradle\caches\modules-2\files-2.1\com.jetbrains\jbre\jbr-11_0_9-windows-x64-b944.49\jbr\bin 
2021-07-06 19:24:42,825 [     24]   INFO -        #com.intellij.idea.Main - locale=en_US JNU=Cp1252 file.encoding=windows-1252
  idea.config.path=D:\dev\it-hurts-idea-plugin\build\idea-sandbox\config
  idea.system.path=D:\dev\it-hurts-idea-plugin\build\idea-sandbox\system
  idea.plugins.path=D:\dev\it-hurts-idea-plugin\build\idea-sandbox\plugins
  idea.log.path=D:\dev\it-hurts-idea-plugin\build\idea-sandbox\system/log 
2021-07-06 19:24:42,841 [     40]   INFO - ntellij.idea.ApplicationLoader - CPU cores: 16; ForkJoinPool.commonPool: java.util.concurrent.ForkJoinPool@7f38574e[Running, parallelism = 15, size = 0, active = 0, running = 0, steals = 0, tasks = 0, submissions = 0]; factory: com.intellij.concurrency.IdeaForkJoinWorkerThreadFactory@7e96f826 
2021-07-06 19:24:43,064 [    263]   INFO -        #com.intellij.idea.Main - JNA library (64-bit) loaded in 239 ms 
2021-07-06 19:24:43,072 [    271]   INFO - penapi.util.io.win32.IdeaWin32 - Native filesystem for Windows is operational 
2021-07-06 19:24:43,388 [    587]   INFO - llij.ide.plugins.PluginManager - Plugin PluginDescriptor(name=Groovy, id=org.intellij.groovy, path=C:\Users\nverk\.gradle\caches\modules-2\files-2.1\com.jetbrains.intellij.idea\ideaIC\2020.2.4\b1d028673e39dbecbf4aa2a2bcd4f2a72f8860da\ideaIC-2020.2.4\plugins\Groovy, version=202.8194.7) misses optional descriptor duplicates-groovy.xml 
java.nio.file.NoSuchFileException: /META-INF/duplicates-groovy.xml
	at jdk.zipfs/jdk.nio.zipfs.ZipFileSystem.newInputStream(ZipFileSystem.java:591)
	at jdk.zipfs/jdk.nio.zipfs.ZipPath.newInputStream(ZipPath.java:721)
	at jdk.zipfs/jdk.nio.zipfs.ZipFileSystemProvider.newInputStream(ZipFileSystemProvider.java:275)
	at java.base/java.nio.file.Files.newInputStream(Files.java:155)
	at com.intellij.openapi.util.JDOMUtil.load(JDOMUtil.java:351)
	at com.intellij.ide.plugins.BasePathResolver.resolvePath(BasePathResolver.java:54)
	at com.intellij.ide.plugins.PluginXmlPathResolver.resolvePath(PluginXmlPathResolver.java:58)
	at com.intellij.ide.plugins.XmlReader.readDependencies(XmlReader.java:215)
	at com.intellij.ide.plugins.IdeaPluginDescriptorImpl.readExternal(IdeaPluginDescriptorImpl.java:190)
	at com.intellij.ide.plugins.PluginDescriptorLoader.loadDescriptorFromJar(PluginDescriptorLoader.java:94)
	at com.intellij.ide.plugins.PluginDescriptorLoader.loadDescriptorFromDirAndNormalize(PluginDescriptorLoader.java:145)
	at com.intellij.ide.plugins.PluginDescriptorLoader.loadDescriptorFromFileOrDir(PluginDescriptorLoader.java:120)
	at com.intellij.ide.plugins.PluginDescriptorLoader.loadDescriptor(PluginDescriptorLoader.java:44)
	at com.intellij.ide.plugins.PluginDescriptorLoader.lambda$loadDescriptorsFromDir$1(PluginDescriptorLoader.java:246)
	at java.base/java.util.concurrent.FutureTask.run(FutureTask.java:264)
	at com.intellij.util.concurrency.BoundedTaskExecutor.doRun(BoundedTaskExecutor.java:215)
	at com.intellij.util.concurrency.BoundedTaskExecutor.access$200(BoundedTaskExecutor.java:26)
	at com.intellij.util.concurrency.BoundedTaskExecutor$1.execute(BoundedTaskExecutor.java:194)
	at com.intellij.util.concurrency.BoundedTaskExecutor$1.run(BoundedTaskExecutor.java:186)
	at java.base/java.util.concurrent.ThreadPoolExecutor.runWorker(ThreadPoolExecutor.java:1128)
	at java.base/java.util.concurrent.ThreadPoolExecutor$Worker.run(ThreadPoolExecutor.java:628)
	at java.base/java.util.concurrent.Executors$PrivilegedThreadFactory$1$1.run(Executors.java:668)
	at java.base/java.util.concurrent.Executors$PrivilegedThreadFactory$1$1.run(Executors.java:665)
	at java.base/java.security.AccessController.doPrivileged(Native Method)
	at java.base/java.util.concurrent.Executors$PrivilegedThreadFactory$1.run(Executors.java:665)
	at java.base/java.lang.Thread.run(Thread.java:834)
2021-07-06 19:24:43,404 [    603]   INFO - llij.ide.plugins.PluginManager - Plugin PluginDescriptor(name=Groovy, id=org.intellij.groovy, path=C:\Users\nverk\.gradle\caches\modules-2\files-2.1\com.jetbrains.intellij.idea\ideaIC\2020.2.4\b1d028673e39dbecbf4aa2a2bcd4f2a72f8860da\ideaIC-2020.2.4\plugins\Groovy, version=202.8194.7) misses optional descriptor duplicates-detection-groovy.xml 
java.nio.file.NoSuchFileException: /META-INF/duplicates-detection-groovy.xml
	at jdk.zipfs/jdk.nio.zipfs.ZipFileSystem.newInputStream(ZipFileSystem.java:591)
	at jdk.zipfs/jdk.nio.zipfs.ZipPath.newInputStream(ZipPath.java:721)
	at jdk.zipfs/jdk.nio.zipfs.ZipFileSystemProvider.newInputStream(ZipFileSystemProvider.java:275)
	at java.base/java.nio.file.Files.newInputStream(Files.java:155)
	at com.intellij.openapi.util.JDOMUtil.load(JDOMUtil.java:351)
	at com.intellij.ide.plugins.BasePathResolver.resolvePath(BasePathResolver.java:54)
	at com.intellij.ide.plugins.PluginXmlPathResolver.resolvePath(PluginXmlPathResolver.java:58)
	at com.intellij.ide.plugins.XmlReader.readDependencies(XmlReader.java:215)
	at com.intellij.ide.plugins.IdeaPluginDescriptorImpl.readExternal(IdeaPluginDescriptorImpl.java:190)
	at com.intellij.ide.plugins.PluginDescriptorLoader.loadDescriptorFromJar(PluginDescriptorLoader.java:94)
	at com.intellij.ide.plugins.PluginDescriptorLoader.loadDescriptorFromDirAndNormalize(PluginDescriptorLoader.java:145)
	at com.intellij.ide.plugins.PluginDescriptorLoader.loadDescriptorFromFileOrDir(PluginDescriptorLoader.java:120)
	at com.intellij.ide.plugins.PluginDescriptorLoader.loadDescriptor(PluginDescriptorLoader.java:44)
	at com.intellij.ide.plugins.PluginDescriptorLoader.lambda$loadDescriptorsFromDir$1(PluginDescriptorLoader.java:246)
	at java.base/java.util.concurrent.FutureTask.run(FutureTask.java:264)
	at com.intellij.util.concurrency.BoundedTaskExecutor.doRun(BoundedTaskExecutor.java:215)
	at com.intellij.util.concurrency.BoundedTaskExecutor.access$200(BoundedTaskExecutor.java:26)
	at com.intellij.util.concurrency.BoundedTaskExecutor$1.execute(BoundedTaskExecutor.java:194)
	at com.intellij.util.concurrency.BoundedTaskExecutor$1.run(BoundedTaskExecutor.java:186)
	at java.base/java.util.concurrent.ThreadPoolExecutor.runWorker(ThreadPoolExecutor.java:1128)
	at java.base/java.util.concurrent.ThreadPoolExecutor$Worker.run(ThreadPoolExecutor.java:628)
	at java.base/java.util.concurrent.Executors$PrivilegedThreadFactory$1$1.run(Executors.java:668)
	at java.base/java.util.concurrent.Executors$PrivilegedThreadFactory$1$1.run(Executors.java:665)
	at java.base/java.security.AccessController.doPrivileged(Native Method)
	at java.base/java.util.concurrent.Executors$PrivilegedThreadFactory$1.run(Executors.java:665)
	at java.base/java.lang.Thread.run(Thread.java:834)
2021-07-06 19:24:43,616 [    815]   INFO - llij.ide.plugins.PluginManager - Plugin PluginDescriptor(name=Java, id=com.intellij.java, path=C:\Users\nverk\.gradle\caches\modules-2\files-2.1\com.jetbrains.intellij.idea\ideaIC\2020.2.4\b1d028673e39dbecbf4aa2a2bcd4f2a72f8860da\ideaIC-2020.2.4\plugins\java, version=202.8194.7) misses optional descriptor profiler-java.xml 
java.nio.file.NoSuchFileException: /META-INF/profiler-java.xml
	at jdk.zipfs/jdk.nio.zipfs.ZipFileSystem.newInputStream(ZipFileSystem.java:591)
	at jdk.zipfs/jdk.nio.zipfs.ZipPath.newInputStream(ZipPath.java:721)
	at jdk.zipfs/jdk.nio.zipfs.ZipFileSystemProvider.newInputStream(ZipFileSystemProvider.java:275)
	at java.base/java.nio.file.Files.newInputStream(Files.java:155)
	at com.intellij.openapi.util.JDOMUtil.load(JDOMUtil.java:351)
	at com.intellij.ide.plugins.BasePathResolver.resolvePath(BasePathResolver.java:54)
	at com.intellij.ide.plugins.PluginXmlPathResolver.resolvePath(PluginXmlPathResolver.java:58)
	at com.intellij.ide.plugins.XmlReader.readDependencies(XmlReader.java:215)
	at com.intellij.ide.plugins.IdeaPluginDescriptorImpl.readExternal(IdeaPluginDescriptorImpl.java:190)
	at com.intellij.ide.plugins.PluginDescriptorLoader.loadDescriptorFromJar(PluginDescriptorLoader.java:94)
	at com.intellij.ide.plugins.PluginDescriptorLoader.loadDescriptorFromDirAndNormalize(PluginDescriptorLoader.java:145)
	at com.intellij.ide.plugins.PluginDescriptorLoader.loadDescriptorFromFileOrDir(PluginDescriptorLoader.java:120)
	at com.intellij.ide.plugins.PluginDescriptorLoader.loadDescriptor(PluginDescriptorLoader.java:44)
	at com.intellij.ide.plugins.PluginDescriptorLoader.lambda$loadDescriptorsFromDir$1(PluginDescriptorLoader.java:246)
	at java.base/java.util.concurrent.FutureTask.run(FutureTask.java:264)
	at com.intellij.util.concurrency.BoundedTaskExecutor.doRun(BoundedTaskExecutor.java:215)
	at com.intellij.util.concurrency.BoundedTaskExecutor.access$200(BoundedTaskExecutor.java:26)
	at com.intellij.util.concurrency.BoundedTaskExecutor$1.execute(BoundedTaskExecutor.java:194)
	at com.intellij.util.concurrency.BoundedTaskExecutor$1.run(BoundedTaskExecutor.java:186)
	at java.base/java.util.concurrent.ThreadPoolExecutor.runWorker(ThreadPoolExecutor.java:1128)
	at java.base/java.util.concurrent.ThreadPoolExecutor$Worker.run(ThreadPoolExecutor.java:628)
	at java.base/java.util.concurrent.Executors$PrivilegedThreadFactory$1$1.run(Executors.java:668)
	at java.base/java.util.concurrent.Executors$PrivilegedThreadFactory$1$1.run(Executors.java:665)
	at java.base/java.security.AccessController.doPrivileged(Native Method)
	at java.base/java.util.concurrent.Executors$PrivilegedThreadFactory$1.run(Executors.java:665)
	at java.base/java.lang.Thread.run(Thread.java:834)
2021-07-06 19:24:43,705 [    904]   INFO - llij.ide.plugins.PluginManager - Loaded bundled plugins: IDEA CORE (202.8194.7), com.intellij.platform.images (202.8194.7), JetBrains maven model api classes (202.8194.7), JetBrains Repository Search (202.8194.7), Subversion (202.8194.7), XPathView + XSLT (202.8194.7), XSLT Debugger (202.8194.7), Smali Support (202.8194.7), Configuration Script (202.8194.7), Copyright (202.8194.7), Gradle (202.8194.7), Java (202.8194.7), Bytecode Viewer (202.8194.7), JUnit (202.8194.7), Java IDE Customization (202.8194.7), Java Stream Debugger (202.8194.7), Eclipse Interoperability (202.8194.7), Java Bytecode Decompiler (202.8194.7), macOS Light Theme (202.8194.7), Windows 10 Light Theme (202.8194.7), Properties (202.8194.7), Ant (202.8194.7), Java Internationalization (202.8194.7), UI Designer (202.8194.7), JavaFX (202.8194.7), Resource Bundle Editor (202.8194.7), Machine Learning Code Completion (202.8194.7), Task Management (202.8194.7), Mercurial (202.8194.7), Webp Support (202.8194.7), EditorConfig (202.8194.7), Terminal (202.8194.7), Git (202.8194.7), ChangeReminder (202.8194.7), Next File Prediction (202.8194.7), GitHub (202.8194.7), Shell Script (202.8194.7), TextMate Bundles (202.8194.7), YAML (202.8194.7), Settings Repository (202.8194.7), IntelliLang (202.8194.7), TestNG (202.8194.7), Code Coverage for Java (202.8194.7), Groovy (202.8194.7), Maven (202.8194.7), Gradle-Java (202.8194.7), Plugin DevKit (202.8194.7), Gradle-Maven (202.8194.7), Kotlin (1.3.72-release-IJ2020.1-6), Android (10.4.0.202.8194.7), Markdown (202.8194.7), Grazie (202.8194.7) 
2021-07-06 19:24:43,705 [    904]   INFO - llij.ide.plugins.PluginManager - Loaded custom plugins: Plugin display name here (0.0.1) 
2021-07-06 19:24:44,210 [   1409]   INFO - m.intellij.util.io.StorageLock - lower=100; upper=492; buffer=10; max=492 
2021-07-06 19:24:44,226 [   1425]   WARN - j.internal.DebugAttachDetector - Unable to start DebugAttachDetector, please add `--add-exports java.base/jdk.internal.vm=ALL-UNNAMED` to VM options 
2021-07-06 19:24:44,241 [   1440]   INFO - tellij.util.io.FileChannelUtil - un-interruptible FileChannel-s will be used for indexes 
2021-07-06 19:24:44,332 [   1531]   INFO - rains.ide.BuiltInServerManager - built-in server started, port 63343 
2021-07-06 19:24:44,340 [   1539]   INFO - com.intellij.ide.ui.UISettings - Loaded: fontSize=13, fontScale=1.0; restored: fontSize=13, fontScale=1.0 
2021-07-06 19:24:44,508 [   1707]   INFO - til.net.ssl.CertificateManager - Default SSL context initialized 
2021-07-06 19:24:44,589 [   1788]   INFO - pl.local.NativeFileWatcherImpl - Starting file watcher: C:\Users\nverk\.gradle\caches\modules-2\files-2.1\com.jetbrains.intellij.idea\ideaIC\2020.2.4\b1d028673e39dbecbf4aa2a2bcd4f2a72f8860da\ideaIC-2020.2.4\bin\win\fsnotifier64.exe 
2021-07-06 19:24:44,613 [   1812]   INFO - pl.local.NativeFileWatcherImpl - Native file watcher is operational. 
2021-07-06 19:24:44,925 [   2124]   INFO - gs.impl.UpdateCheckerComponent - channel: release 
2021-07-06 19:24:44,973 [   2172]   INFO - penapi.application.Experiments - Experimental features enabled for user: wsl.p9.support, wsl.p9.show.roots.in.file.chooser, inline.browse.button, linux.native.menu, recent.and.edited.files.together, show.create.new.element.in.popup, copy.reference.popup, new.large.text.file.viewer, property.value.inplace.editing, terminal.shell.command.handling 
2021-07-06 19:24:45,541 [   2740]   INFO - leBasedIndexDataInitialization - Initialization done: 1195 
2021-07-06 19:24:45,752 [   2951]   INFO - exImpl$StubIndexInitialization - Initialization done: 218 
2021-07-06 19:25:07,368 [  24567]   INFO - lij.impl.ConversionServiceImpl - conversion will be performed because at least D:\dev\example\example.iml is changed (oldLastModified=-1, newLastModified=1624715435187 
2021-07-06 19:25:07,597 [  24796]   INFO - BridgeProjectLifecycleListener - Using legacy project model to open project 
2021-07-06 19:25:07,838 [  25037]   INFO - rojectCodeStyleSettingsManager - Initialized from default code style settings. 
2021-07-06 19:25:07,967 [  25166]   WARN - Container.ComponentManagerImpl - Do not use constructor injection (requestorClass=org.jetbrains.android.compose.AndroidComposeAutoDocumentation) 
2021-07-06 19:25:08,103 [  25302]   WARN - ion.impl.NotificationCollector - Notification group 'Heap Dump Analysis' is already registered in whitelist 
2021-07-06 19:25:08,103 [  25302]   WARN - ion.impl.NotificationCollector - Notification group 'Low Memory' is already registered in whitelist 
2021-07-06 19:25:08,879 [  26078]   INFO - j.ide.script.IdeStartupScripts - 0 startup script(s) found 
2021-07-06 19:25:08,947 [  26146]   WARN - tartup.impl.StartupManagerImpl - Activities registered via registerPostStartupActivity must be dumb-aware: org.jetbrains.kotlin.idea.configuration.ui.KotlinConfigurationCheckerComponent$projectOpened$1@28ed4b2e 
2021-07-06 19:25:09,826 [  27025]   INFO - roject.DumbServiceGuiTaskQueue - Running dumb mode task: com.intellij.util.indexing.UnindexedFilesUpdater@75cb70da 
2021-07-06 19:25:09,910 [  27109]   INFO - ge.ExternalProjectsDataStorage - Load external projects data in 15 millis (read time: 0) 
2021-07-06 19:25:09,977 [  27176]   INFO - .diagnostic.PerformanceWatcher - Pushing properties took 34ms; general responsiveness: ok; EDT responsiveness: ok 
2021-07-06 19:25:10,127 [  27326]   INFO - ProjectRootPostStartUpActivity - D:/dev/example/.idea case-sensitivity: expected=false actual=false 
2021-07-06 19:25:10,143 [  27342]   INFO - .diagnostic.PerformanceWatcher - Post-startup activities under progress took 869ms; general responsiveness: ok; EDT responsiveness: 1/1 sluggish 
2021-07-06 19:25:10,247 [  27446]   INFO - tor.impl.FileEditorManagerImpl - Project opening took 2714 ms 
2021-07-06 19:25:10,395 [  27594]   INFO - .diagnostic.PerformanceWatcher - Indexable file iteration took 417ms; general responsiveness: ok; EDT responsiveness: ok 
2021-07-06 19:25:10,395 [  27594]   INFO - indexing.UnindexedFilesUpdater - Unindexed files update started: 221 files to index 
2021-07-06 19:25:10,411 [  27610]   INFO - indexing.UnindexedFilesUpdater - Using 4 threads for indexing 
2021-07-06 19:25:10,722 [  27921]   INFO - penapi.project.DumbServiceImpl - cancel com.intellij.util.indexing.UnindexedFilesUpdater@75cb70da 
2021-07-06 19:25:10,796 [  27995]   INFO - indexing.UnindexedFilesUpdater - Unindexed files update canceled 
2021-07-06 19:25:10,796 [  27995]   INFO - roject.DumbServiceGuiTaskQueue - Running dumb mode task: com.intellij.openapi.roots.impl.PushedFilePropertiesUpdaterImpl$3@3f423c1b 
2021-07-06 19:25:10,828 [  28027]   INFO - penapi.project.DumbServiceImpl - cancel com.intellij.openapi.roots.impl.PushedFilePropertiesUpdaterImpl$3@3f423c1b 
2021-07-06 19:25:10,828 [  28027]   INFO - pl.ProjectRootManagerComponent - project roots have changed (trace_hash = 1685388226) 
java.lang.Throwable
	at com.intellij.openapi.roots.impl.ProjectRootManagerComponent.synchronizeRoots(ProjectRootManagerComponent.java:306)
	at com.intellij.openapi.roots.impl.ProjectRootManagerComponent.access$600(ProjectRootManagerComponent.java:60)
	at com.intellij.openapi.roots.impl.ProjectRootManagerComponent$AppListener.writeActionFinished(ProjectRootManagerComponent.java:368)
	at jdk.internal.reflect.GeneratedMethodAccessor23.invoke(Unknown Source)
	at java.base/jdk.internal.reflect.DelegatingMethodAccessorImpl.invoke(DelegatingMethodAccessorImpl.java:43)
	at java.base/java.lang.reflect.Method.invoke(Method.java:566)
	at com.intellij.util.EventDispatcher.dispatchVoidMethod(EventDispatcher.java:123)
	at com.intellij.util.EventDispatcher.lambda$createMulticaster$1(EventDispatcher.java:86)
	at com.sun.proxy.$Proxy49.writeActionFinished(Unknown Source)
	at com.intellij.openapi.application.impl.ApplicationImpl.fireWriteActionFinished(ApplicationImpl.java:1354)
	at com.intellij.openapi.application.impl.ApplicationImpl.endWrite(ApplicationImpl.java:1197)
	at com.intellij.openapi.application.impl.ApplicationImpl.access$400(ApplicationImpl.java:62)
	at com.intellij.openapi.application.impl.ApplicationImpl$WriteAccessToken.finish(ApplicationImpl.java:1232)
	at com.intellij.openapi.application.WriteAction.run(WriteAction.java:105)
	at com.intellij.openapi.vfs.newvfs.RefreshSessionImpl.fireEvents(RefreshSessionImpl.java:193)
	at com.intellij.openapi.vfs.newvfs.RefreshQueueImpl.lambda$runAsyncListeners$6(RefreshQueueImpl.java:123)
	at com.intellij.openapi.application.impl.NonBlockingReadActionImpl$Submission.lambda$safeTransferToEdt$7(NonBlockingReadActionImpl.java:563)
	at com.intellij.openapi.application.TransactionGuardImpl$2.run(TransactionGuardImpl.java:201)
	at com.intellij.openapi.application.impl.ApplicationImpl.runIntendedWriteActionOnCurrentThread(ApplicationImpl.java:802)
	at com.intellij.openapi.application.impl.ApplicationImpl.lambda$invokeLater$4(ApplicationImpl.java:322)
	at com.intellij.openapi.application.impl.FlushQueue.doRun(FlushQueue.java:84)
	at com.intellij.openapi.application.impl.FlushQueue.runNextEvent(FlushQueue.java:132)
	at com.intellij.openapi.application.impl.FlushQueue.flushNow(FlushQueue.java:47)
	at com.intellij.openapi.application.impl.FlushQueue$FlushNow.run(FlushQueue.java:188)
	at java.desktop/java.awt.event.InvocationEvent.dispatch(InvocationEvent.java:313)
	at java.desktop/java.awt.EventQueue.dispatchEventImpl(EventQueue.java:776)
	at java.desktop/java.awt.EventQueue$4.run(EventQueue.java:727)
	at java.desktop/java.awt.EventQueue$4.run(EventQueue.java:721)
	at java.base/java.security.AccessController.doPrivileged(Native Method)
	at java.base/java.security.ProtectionDomain$JavaSecurityAccessImpl.doIntersectionPrivilege(ProtectionDomain.java:85)
	at java.desktop/java.awt.EventQueue.dispatchEvent(EventQueue.java:746)
	at com.intellij.ide.IdeEventQueue.defaultDispatchEvent(IdeEventQueue.java:971)
	at com.intellij.ide.IdeEventQueue._dispatchEvent(IdeEventQueue.java:841)
	at com.intellij.ide.IdeEventQueue.lambda$dispatchEvent$8(IdeEventQueue.java:452)
	at com.intellij.openapi.progress.impl.CoreProgressManager.computePrioritized(CoreProgressManager.java:744)
	at com.intellij.ide.IdeEventQueue.lambda$dispatchEvent$9(IdeEventQueue.java:451)
	at com.intellij.openapi.application.impl.ApplicationImpl.runIntendedWriteActionOnCurrentThread(ApplicationImpl.java:802)
	at com.intellij.ide.IdeEventQueue.dispatchEvent(IdeEventQueue.java:499)
	at java.desktop/java.awt.EventDispatchThread.pumpOneEventForFilters(EventDispatchThread.java:203)
	at java.desktop/java.awt.EventDispatchThread.pumpEventsForFilter(EventDispatchThread.java:124)
	at java.desktop/java.awt.EventDispatchThread.pumpEventsForHierarchy(EventDispatchThread.java:113)
	at java.desktop/java.awt.EventDispatchThread.pumpEvents(EventDispatchThread.java:109)
	at java.desktop/java.awt.EventDispatchThread.pumpEvents(EventDispatchThread.java:101)
	at java.desktop/java.awt.EventDispatchThread.run(EventDispatchThread.java:90)
2021-07-06 19:25:10,844 [  28043]   INFO - roject.DumbServiceGuiTaskQueue - Running dumb mode task: com.intellij.util.indexing.UnindexedFilesUpdater@4d9423d4 
2021-07-06 19:25:10,880 [  28079]   INFO - .diagnostic.PerformanceWatcher - Pushing properties took 0ms; general responsiveness: ok; EDT responsiveness: ok 
2021-07-06 19:25:10,911 [  28110]   INFO - .diagnostic.PerformanceWatcher - Indexable file iteration took 30ms; general responsiveness: ok; EDT responsiveness: ok 
2021-07-06 19:25:10,911 [  28110]   INFO - indexing.UnindexedFilesUpdater - Unindexed files update started: 221 files to index 
2021-07-06 19:25:10,911 [  28110]   INFO - indexing.UnindexedFilesUpdater - Using 4 threads for indexing 
2021-07-06 19:25:11,837 [  29036]   INFO - .diagnostic.PerformanceWatcher - Unindexed files update took 926ms; general responsiveness: ok; EDT responsiveness: ok 
2021-07-06 19:25:11,837 [  29036]   INFO - snapshot.SnapshotInputMappings - Snapshot mappings stats for java.binary.plus.expression. requests: 0, hits: 0, misses: 0 
2021-07-06 19:25:11,837 [  29036]   INFO - snapshot.SnapshotInputMappings - Snapshot mappings stats for java.fun.expression. requests: 0, hits: 0, misses: 0 
2021-07-06 19:25:11,837 [  29036]   INFO - snapshot.SnapshotInputMappings - Snapshot mappings stats for java.null.method.argument. requests: 0, hits: 0, misses: 0 
2021-07-06 19:25:11,837 [  29036]   INFO - snapshot.SnapshotInputMappings - Snapshot mappings stats for bytecodeAnalysis. requests: 0, hits: 0, misses: 0 
2021-07-06 19:25:11,837 [  29036]   INFO - snapshot.SnapshotInputMappings - Snapshot mappings stats for Trigram.Index. requests: 221, hits: 6, misses: 215 
2021-07-06 19:25:11,837 [  29036]   INFO - snapshot.SnapshotInputMappings - Snapshot mappings stats for IdIndex. requests: 213, hits: 6, misses: 207 
2021-07-06 19:25:11,837 [  29036]   INFO - snapshot.SnapshotInputMappings - Snapshot mappings stats for TodoIndex. requests: 4, hits: 0, misses: 4 
2021-07-06 19:25:11,837 [  29036]   INFO - penapi.project.DumbServiceImpl - updateFinished 
2021-07-06 19:25:11,845 [  29044]   INFO - g.FileBasedIndexProjectHandler - Has changed files: false; project=Project(name=example, containerState=ACTIVE, componentStore=D:\dev\example) 
2021-07-06 19:25:12,007 [  29206]   INFO - roject.DumbServiceGuiTaskQueue - Running dumb mode task: com.android.tools.idea.res.ResourceFolderRepositoryFileCacheImpl$PruneTask@7510d1f2 
2021-07-06 19:25:12,015 [  29214]   INFO - roject.DumbServiceGuiTaskQueue - Running dumb mode task: com.android.tools.idea.res.ResourceFolderRepositoryFileCacheImpl$ManageLruProjectFilesTask@2d070e31 
2021-07-06 19:25:12,015 [  29214]   INFO - penapi.project.DumbServiceImpl - updateFinished 
2021-07-06 19:25:12,015 [  29214]   INFO - g.FileBasedIndexProjectHandler - Has changed files: false; project=Project(name=example, containerState=ACTIVE, componentStore=D:\dev\example) 
2021-07-06 19:25:12,063 [  29262]   INFO - roject.DumbServiceGuiTaskQueue - Running dumb mode task: com.android.tools.idea.res.ResourceFolderRegistry$PopulateCachesTask@421c4671 
2021-07-06 19:25:12,063 [  29262]   INFO - penapi.project.DumbServiceImpl - updateFinished 
2021-07-06 19:25:12,063 [  29262]   INFO - g.FileBasedIndexProjectHandler - Has changed files: false; project=Project(name=example, containerState=ACTIVE, componentStore=D:\dev\example) 
2021-07-06 19:25:12,071 [  29270]   INFO - CompilerWorkspaceConfiguration - Available processors: 16 
2021-07-06 19:25:13,246 [  30445]   WARN - ConfigurableExtensionPointUtil - ignore deprecated groupId: language for id: preferences.language.Kotlin.scripting 
2021-07-06 19:25:17,795 [  34994]   INFO - gnostic.WindowsDefenderChecker - Windows Defender status: Failed to get excluded patterns 
2021-07-06 19:25:17,795 [  34994]   WARN - .intellij.diagnostic.VMOptions - VM options file not configured 
2021-07-06 19:25:17,803 [  35002]   INFO - gnostic.MemorySizeConfigurator - Physical memory 32508M, minimum memory size 256M, -Xmx adjusted from 512M to 2048M 
2021-07-06 19:25:25,236 [  42435]   INFO - roject.DumbServiceGuiTaskQueue - Running dumb mode task: com.intellij.openapi.roots.impl.PushedFilePropertiesUpdaterImpl$3@626fa6a5 
2021-07-06 19:25:25,236 [  42435]   INFO - penapi.project.DumbServiceImpl - updateFinished 
2021-07-06 19:25:25,236 [  42435]   INFO - g.FileBasedIndexProjectHandler - Has changed files: false; project=Project(name=example, containerState=ACTIVE, componentStore=D:\dev\example) 
2021-07-06 19:25:28,454 [  45653]   INFO -                         STDOUT - eyJhbGciOiJIUzI1NiIsInR5cCI6IkpXVCJ9.eyJhdWQiOiJKb2tlbiIsImV4cCI6MTYyNTU5MDUyNywiaWF0IjoxNjI1NTg4NzI3LCJpc3MiOiJKb2tlbiIsImp0aSI6IjJxN2swbGRobjU5MzgzZW1jZzAwMDE0NiIsIm5iZiI6MTYyNTU4ODcyNywic3ViIjoxLCJ0eXBlIjoiYWNjZXNzIn0.JDNhBVXQr7yOfBPKjU3Mrehosbb6HLl_Q8LXqp3UYRo 
